<?xml version="1.0" encoding="UTF-8"?>
<!-- Generated by org.testng.reporters.JUnitReportReporter -->
<testsuite ignored="0" hostname="TR-79JH4D3" failures="0" tests="1" name="testing.NewTest" time="7.195" errors="0" timestamp="16 Oct 2021 15:44:25 GMT" skipped="0">
  <testcase classname="testing.NewTest" name="f" time="7.195"/>
</testsuite> <!-- testing.NewTest -->
